mode: set
log_analyser/cmd/loganalyser/main.go:24.13,25.47 1 0
log_analyser/cmd/loganalyser/main.go:25.47,27.3 1 0
log_analyser/cmd/loganalyser/main.go:31.34,43.55 3 1
log_analyser/cmd/loganalyser/main.go:43.55,48.18 2 1
log_analyser/cmd/loganalyser/main.go:48.18,50.5 1 0
log_analyser/cmd/loganalyser/main.go:55.4,61.18 3 1
log_analyser/cmd/loganalyser/main.go:61.18,63.5 1 0
log_analyser/cmd/loganalyser/main.go:68.4,69.18 2 1
log_analyser/cmd/loganalyser/main.go:69.18,70.15 1 0
log_analyser/cmd/loganalyser/main.go:70.15,71.80 1 0
log_analyser/cmd/loganalyser/main.go:71.80,73.7 1 0
log_analyser/cmd/loganalyser/main.go:75.5,75.18 1 0
log_analyser/cmd/loganalyser/main.go:75.18,76.43 1 0
log_analyser/cmd/loganalyser/main.go:76.43,78.7 1 0
log_analyser/cmd/loganalyser/main.go:80.5,80.65 1 0
log_analyser/cmd/loganalyser/main.go:86.4,87.18 2 1
log_analyser/cmd/loganalyser/main.go:87.18,94.5 3 0
log_analyser/cmd/loganalyser/main.go:99.4,104.47 2 1
log_analyser/cmd/loganalyser/main.go:111.2,142.12 21 1
log_analyser/cmd/loganalyser/main.go:147.77,151.19 3 1
log_analyser/cmd/loganalyser/main.go:151.19,153.17 2 1
log_analyser/cmd/loganalyser/main.go:153.17,155.4 1 0
log_analyser/cmd/loganalyser/main.go:156.8,158.17 2 1
log_analyser/cmd/loganalyser/main.go:158.17,160.4 1 0
log_analyser/cmd/loganalyser/main.go:164.2,166.39 2 1
log_analyser/cmd/loganalyser/main.go:166.39,168.3 1 0
log_analyser/cmd/loganalyser/main.go:169.2,169.17 1 1
log_analyser/cmd/loganalyser/main.go:174.65,177.23 2 1
log_analyser/cmd/loganalyser/main.go:177.23,179.3 1 1
log_analyser/cmd/loganalyser/main.go:180.2,180.25 1 1
log_analyser/cmd/loganalyser/main.go:180.25,182.3 1 1
log_analyser/cmd/loganalyser/main.go:183.2,183.25 1 1
log_analyser/cmd/loganalyser/main.go:183.25,185.3 1 1
log_analyser/cmd/loganalyser/main.go:186.2,186.25 1 1
log_analyser/cmd/loganalyser/main.go:186.25,188.3 1 0
log_analyser/cmd/loganalyser/main.go:189.2,189.25 1 1
log_analyser/cmd/loganalyser/main.go:189.25,191.3 1 0
log_analyser/cmd/loganalyser/main.go:192.2,192.35 1 1
log_analyser/cmd/loganalyser/main.go:192.35,194.3 1 0
log_analyser/cmd/loganalyser/main.go:195.2,195.29 1 1
log_analyser/cmd/loganalyser/main.go:195.29,197.3 1 0
log_analyser/cmd/loganalyser/main.go:198.2,198.29 1 1
log_analyser/cmd/loganalyser/main.go:198.29,200.3 1 0
log_analyser/cmd/loganalyser/main.go:201.2,201.37 1 1
log_analyser/cmd/loganalyser/main.go:201.37,203.3 1 0
log_analyser/cmd/loganalyser/main.go:204.2,204.26 1 1
log_analyser/cmd/loganalyser/main.go:204.26,206.3 1 0
log_analyser/cmd/loganalyser/main.go:207.2,207.27 1 1
log_analyser/cmd/loganalyser/main.go:207.27,209.3 1 0
log_analyser/cmd/loganalyser/main.go:210.2,210.31 1 1
log_analyser/cmd/loganalyser/main.go:210.31,212.3 1 0
log_analyser/cmd/loganalyser/main.go:213.2,213.35 1 1
log_analyser/cmd/loganalyser/main.go:213.35,215.3 1 0
log_analyser/cmd/loganalyser/main.go:216.2,216.26 1 1
log_analyser/cmd/loganalyser/main.go:216.26,218.3 1 0
log_analyser/cmd/loganalyser/main.go:219.2,219.26 1 1
log_analyser/cmd/loganalyser/main.go:219.26,221.3 1 0
log_analyser/cmd/loganalyser/main.go:222.2,222.29 1 1
log_analyser/cmd/loganalyser/main.go:222.29,224.3 1 0
log_analyser/cmd/loganalyser/main.go:225.2,225.31 1 1
log_analyser/cmd/loganalyser/main.go:225.31,227.3 1 0
log_analyser/cmd/loganalyser/main.go:231.33,233.13 2 1
log_analyser/cmd/loganalyser/main.go:233.13,235.3 1 1
log_analyser/cmd/loganalyser/main.go:236.2,238.6 1 1
log_analyser/cmd/loganalyser/main.go:244.70,251.68 3 1
log_analyser/cmd/loganalyser/main.go:251.68,258.17 2 1
log_analyser/cmd/loganalyser/main.go:258.17,260.4 1 1
log_analyser/cmd/loganalyser/main.go:261.3,261.34 1 1
log_analyser/cmd/loganalyser/main.go:265.2,265.34 1 1
log_analyser/cmd/loganalyser/main.go:265.34,267.17 2 1
log_analyser/cmd/loganalyser/main.go:267.17,269.4 1 1
log_analyser/cmd/loganalyser/main.go:270.3,270.34 1 1
log_analyser/cmd/loganalyser/main.go:273.2,273.50 1 1
log_analyser/cmd/loganalyser/main.go:278.75,279.27 1 1
log_analyser/cmd/loganalyser/main.go:279.27,281.3 1 1
log_analyser/cmd/loganalyser/main.go:282.2,284.17 3 1
log_analyser/pkg/ringbuf/ringbuf.go:12.43,14.2 1 1
log_analyser/pkg/ringbuf/ringbuf.go:18.35,21.26 3 1
log_analyser/pkg/ringbuf/ringbuf.go:21.26,23.3 1 1
log_analyser/pkg/ringbuf/ringbuf.go:27.32,27.50 1 1
log_analyser/pkg/ringbuf/ringbuf.go:30.32,30.53 1 1
log_analyser/pkg/ringbuf/ringbuf.go:34.34,35.27 1 1
log_analyser/pkg/ringbuf/ringbuf.go:35.27,36.39 1 1
log_analyser/pkg/ringbuf/ringbuf.go:39.2,40.37 2 1
log_analyser/pkg/ringbuf/ringbuf.go:45.34,47.25 2 1
log_analyser/pkg/ringbuf/ringbuf.go:47.25,49.3 1 1
log_analyser/pkg/ringbuf/ringbuf.go:50.2,50.12 1 1
log_analyser/internal/window/stats.go:13.49,14.23 1 1
log_analyser/internal/window/stats.go:14.23,16.3 1 1
log_analyser/internal/window/stats.go:17.2,18.28 2 1
log_analyser/internal/window/stats.go:18.28,20.3 1 1
log_analyser/internal/window/stats.go:21.2,21.36 1 1
log_analyser/internal/window/stats.go:26.51,27.23 1 1
log_analyser/internal/window/stats.go:27.23,29.3 1 1
log_analyser/internal/window/stats.go:30.2,32.28 3 1
log_analyser/internal/window/stats.go:32.28,35.3 2 1
log_analyser/internal/window/stats.go:36.2,36.52 1 1
log_analyser/internal/window/stats.go:42.54,43.23 1 1
log_analyser/internal/window/stats.go:43.23,45.3 1 1
log_analyser/internal/window/stats.go:46.2,47.28 2 1
log_analyser/internal/window/stats.go:47.28,48.19 1 1
log_analyser/internal/window/stats.go:48.19,49.12 1 1
log_analyser/internal/window/stats.go:51.3,52.36 2 1
log_analyser/internal/window/stats.go:54.2,54.24 1 1
log_analyser/internal/window/stats.go:54.24,56.3 1 0
log_analyser/internal/window/stats.go:57.2,57.36 1 1
log_analyser/internal/window/stats.go:63.61,64.23 1 1
log_analyser/internal/window/stats.go:64.23,66.3 1 1
log_analyser/internal/window/stats.go:67.2,68.28 2 1
log_analyser/internal/window/stats.go:68.28,70.3 1 1
log_analyser/internal/window/stats.go:71.2,71.39 1 1
log_analyser/internal/window/stats.go:71.39,71.67 1 1
log_analyser/internal/window/stats.go:72.2,73.21 2 1
log_analyser/internal/window/window.go:18.32,20.2 1 1
log_analyser/internal/window/window.go:23.45,27.2 3 1
log_analyser/internal/window/window.go:30.28,35.2 4 1
log_analyser/internal/window/window.go:39.50,44.2 4 1
log_analyser/internal/parser/apache.go:29.38,29.57 1 1
log_analyser/internal/parser/apache.go:31.70,33.16 2 1
log_analyser/internal/parser/apache.go:33.16,35.3 1 1
log_analyser/internal/parser/apache.go:37.2,38.14 2 1
log_analyser/internal/parser/apache.go:38.14,40.3 1 1
log_analyser/internal/parser/apache.go:42.2,48.17 7 1
log_analyser/internal/parser/apache.go:48.17,50.3 1 1
log_analyser/internal/parser/apache.go:52.2,61.9 1 1
log_analyser/internal/parser/auto.go:22.34,31.2 1 1
log_analyser/internal/parser/auto.go:33.36,33.53 1 1
log_analyser/internal/parser/auto.go:35.68,41.19 4 1
log_analyser/internal/parser/auto.go:41.19,43.3 1 1
log_analyser/internal/parser/auto.go:46.2,46.37 1 1
log_analyser/internal/parser/auto.go:46.37,48.9 2 1
log_analyser/internal/parser/auto.go:48.9,50.23 2 1
log_analyser/internal/parser/auto.go:50.23,52.5 1 1
log_analyser/internal/parser/auto.go:53.4,55.28 3 1
log_analyser/internal/parser/auto.go:59.2,59.29 1 1
log_analyser/internal/parser/json.go:22.36,22.53 1 1
log_analyser/internal/parser/json.go:24.68,26.34 2 1
log_analyser/internal/parser/json.go:26.34,28.3 1 1
log_analyser/internal/parser/json.go:31.2,32.57 2 1
log_analyser/internal/parser/json.go:32.57,34.3 1 1
log_analyser/internal/parser/json.go:36.2,41.27 4 1
log_analyser/internal/parser/json.go:41.27,43.10 2 1
log_analyser/internal/parser/json.go:43.10,44.12 1 1
log_analyser/internal/parser/json.go:46.3,46.26 1 1
log_analyser/internal/parser/json.go:47.15,49.18 2 1
log_analyser/internal/parser/json.go:49.18,51.5 1 1
log_analyser/internal/parser/json.go:52.16,54.77 1 1
log_analyser/internal/parser/json.go:56.3,56.28 1 1
log_analyser/internal/parser/json.go:56.28,57.9 1 1
log_analyser/internal/parser/json.go:62.2,62.30 1 1
log_analyser/internal/parser/json.go:62.30,63.24 1 1
log_analyser/internal/parser/json.go:63.24,64.42 1 1
log_analyser/internal/parser/json.go:64.42,66.10 2 1
log_analyser/internal/parser/json.go:72.2,72.32 1 1
log_analyser/internal/parser/json.go:72.32,73.24 1 1
log_analyser/internal/parser/json.go:73.24,74.33 1 1
log_analyser/internal/parser/json.go:74.33,76.10 2 1
log_analyser/internal/parser/json.go:82.2,82.28 1 1
log_analyser/internal/parser/json.go:82.28,83.30 1 1
log_analyser/internal/parser/json.go:83.30,85.4 1 1
log_analyser/internal/parser/json.go:87.2,87.30 1 1
log_analyser/internal/parser/json.go:87.30,88.30 1 1
log_analyser/internal/parser/json.go:88.30,90.4 1 1
log_analyser/internal/parser/json.go:92.2,92.28 1 1
log_analyser/internal/parser/json.go:92.28,93.30 1 1
log_analyser/internal/parser/json.go:93.30,95.4 1 1
log_analyser/internal/parser/json.go:97.2,97.35 1 1
log_analyser/internal/parser/json.go:97.35,98.31 1 1
log_analyser/internal/parser/json.go:98.31,100.4 1 1
log_analyser/internal/parser/json.go:103.2,103.16 1 1
log_analyser/internal/parser/nginx.go:34.37,34.55 1 1
log_analyser/internal/parser/nginx.go:36.69,38.16 2 1
log_analyser/internal/parser/nginx.go:38.16,40.3 1 1
log_analyser/internal/parser/nginx.go:42.2,43.14 2 1
log_analyser/internal/parser/nginx.go:43.14,45.3 1 1
log_analyser/internal/parser/nginx.go:47.2,53.17 7 1
log_analyser/internal/parser/nginx.go:53.17,55.3 1 1
log_analyser/internal/parser/nginx.go:56.2,57.16 2 1
log_analyser/internal/parser/nginx.go:57.16,59.17 2 1
log_analyser/internal/parser/nginx.go:59.17,61.4 1 1
log_analyser/internal/parser/nginx.go:64.2,74.9 1 1
log_analyser/internal/parser/parser.go:40.26,40.51 1 1
log_analyser/internal/parser/parser.go:41.26,41.52 1 1
log_analyser/internal/parser/parser.go:42.26,42.50 1 1
log_analyser/internal/parser/parser.go:43.26,43.52 1 1
log_analyser/internal/parser/parser.go:44.26,44.52 1 1
log_analyser/internal/parser/parser.go:49.47,51.9 2 1
log_analyser/internal/parser/parser.go:51.9,53.3 1 1
log_analyser/internal/parser/parser.go:54.2,54.18 1 1
log_analyser/internal/parser/parser.go:71.48,72.17 1 1
log_analyser/internal/parser/parser.go:72.17,74.3 1 0
log_analyser/internal/parser/parser.go:75.2,75.48 1 1
log_analyser/internal/parser/parser.go:81.91,83.33 2 1
log_analyser/internal/parser/parser.go:83.33,85.13 2 1
log_analyser/internal/parser/parser.go:85.13,89.18 3 1
log_analyser/internal/parser/parser.go:89.18,91.5 1 0
log_analyser/internal/parser/parser.go:92.4,92.8 1 1
log_analyser/internal/parser/parser.go:92.8,93.12 1 1
log_analyser/internal/parser/parser.go:94.23,95.12 1 1
log_analyser/internal/parser/parser.go:96.26,97.13 1 1
log_analyser/internal/parser/parser.go:97.13,99.7 1 1
log_analyser/internal/parser/parser.go:100.6,101.16 2 1
log_analyser/internal/parser/parser.go:101.16,103.7 1 1
log_analyser/internal/parser/parser.go:108.2,108.11 1 1
log_analyser/internal/parser/syslog.go:31.33,32.17 1 1
log_analyser/internal/parser/syslog.go:33.15,34.17 1 0
log_analyser/internal/parser/syslog.go:35.9,36.17 1 1
log_analyser/internal/parser/syslog.go:37.9,38.16 1 1
log_analyser/internal/parser/syslog.go:39.12,40.16 1 1
log_analyser/internal/parser/syslog.go:41.9,42.17 1 0
log_analyser/internal/parser/syslog.go:43.10,44.16 1 0
log_analyser/internal/parser/syslog.go:50.38,50.57 1 1
log_analyser/internal/parser/syslog.go:52.70,54.34 2 1
log_analyser/internal/parser/syslog.go:54.34,56.3 1 1
log_analyser/internal/parser/syslog.go:58.2,59.14 2 1
log_analyser/internal/parser/syslog.go:59.14,61.3 1 0
log_analyser/internal/parser/syslog.go:63.2,72.9 3 1
log_analyser/internal/analyzer/analyzer.go:62.59,68.2 1 1
log_analyser/internal/analyzer/analyzer.go:74.95,75.6 1 1
log_analyser/internal/analyzer/analyzer.go:75.6,76.10 1 1
log_analyser/internal/analyzer/analyzer.go:77.21,78.10 1 1
log_analyser/internal/analyzer/analyzer.go:79.23,80.11 1 1
log_analyser/internal/analyzer/analyzer.go:80.11,82.5 1 1
log_analyser/internal/analyzer/analyzer.go:83.4,84.21 2 1
log_analyser/internal/analyzer/analyzer.go:93.77,95.42 2 1
log_analyser/internal/analyzer/analyzer.go:95.42,97.3 1 1
log_analyser/internal/analyzer/analyzer.go:99.2,102.38 3 1
log_analyser/internal/analyzer/analyzer.go:102.38,105.3 2 1
log_analyser/internal/analyzer/analyzer.go:105.8,107.3 1 1
log_analyser/internal/analyzer/analyzer.go:109.2,113.27 5 1
log_analyser/internal/analyzer/analyzer.go:120.103,122.22 2 1
log_analyser/internal/analyzer/analyzer.go:122.22,124.3 1 1
log_analyser/internal/analyzer/analyzer.go:126.2,127.14 2 1
log_analyser/internal/analyzer/analyzer.go:127.14,129.3 1 1
log_analyser/internal/analyzer/analyzer.go:131.2,132.17 2 1
log_analyser/internal/analyzer/analyzer.go:132.17,134.3 1 1
log_analyser/internal/analyzer/analyzer.go:136.2,144.4 1 1
log_analyser/internal/analyzer/analyzer.go:147.79,148.51 1 1
log_analyser/internal/analyzer/analyzer.go:148.51,150.3 1 1
log_analyser/internal/analyzer/analyzer.go:151.2,157.4 1 1
log_analyser/internal/analyzer/analyzer.go:160.108,161.29 1 1
log_analyser/internal/analyzer/analyzer.go:161.29,163.3 1 1
log_analyser/internal/analyzer/analyzer.go:164.2,165.22 2 1
log_analyser/internal/analyzer/analyzer.go:165.22,167.3 1 1
log_analyser/internal/analyzer/analyzer.go:169.2,170.37 2 1
log_analyser/internal/analyzer/analyzer.go:170.37,172.3 1 1
log_analyser/internal/analyzer/analyzer.go:174.2,176.16 3 1
log_analyser/internal/analyzer/analyzer.go:176.16,178.3 1 1
log_analyser/internal/analyzer/analyzer.go:180.2,188.4 1 1
log_analyser/internal/analyzer/analyzer.go:191.83,192.52 1 1
log_analyser/internal/analyzer/analyzer.go:192.52,194.3 1 1
log_analyser/internal/analyzer/analyzer.go:196.2,199.42 4 1
log_analyser/internal/analyzer/analyzer.go:199.42,200.23 1 1
log_analyser/internal/analyzer/analyzer.go:200.23,203.4 2 1
log_analyser/internal/analyzer/analyzer.go:206.2,206.41 1 1
log_analyser/internal/analyzer/analyzer.go:206.41,208.3 1 1
log_analyser/internal/analyzer/analyzer.go:210.2,219.4 2 1
log_analyser/internal/analyzer/analyzer.go:222.80,225.38 2 1
log_analyser/internal/analyzer/analyzer.go:225.38,226.25 1 1
log_analyser/internal/analyzer/analyzer.go:226.25,228.4 1 1
log_analyser/internal/analyzer/analyzer.go:228.9,229.9 1 1
log_analyser/internal/analyzer/analyzer.go:233.2,233.42 1 1
log_analyser/internal/analyzer/analyzer.go:233.42,235.3 1 1
log_analyser/internal/analyzer/analyzer.go:237.2,243.4 1 1
log_analyser/internal/analyzer/analyzer.go:250.62,252.89 2 1
log_analyser/internal/analyzer/analyzer.go:252.89,254.3 1 1
log_analyser/internal/analyzer/analyzer.go:255.2,257.16 3 1
log_analyser/internal/config/config.go:22.44,30.2 2 0
log_analyser/internal/config/config.go:33.42,36.2 2 1
log_analyser/internal/config/config.go:105.24,139.2 1 1
log_analyser/internal/config/config.go:146.30,165.2 18 1
log_analyser/internal/config/config.go:171.31,182.2 9 1
log_analyser/internal/config/config.go:185.38,218.2 1 1
log_analyser/internal/config/config.go:223.48,224.50 1 1
log_analyser/internal/config/config.go:224.50,226.3 1 1
log_analyser/internal/config/config.go:227.2,227.12 1 1
log_analyser/internal/config/config.go:236.45,239.41 3 1
log_analyser/internal/config/config.go:239.41,241.3 1 1
log_analyser/internal/config/config.go:242.2,242.47 1 1
log_analyser/internal/config/config.go:242.47,244.3 1 1
log_analyser/internal/config/config.go:245.2,245.24 1 1
log_analyser/internal/config/config.go:250.33,254.2 3 1
log_analyser/internal/config/config.go:259.41,262.41 3 1
log_analyser/internal/config/config.go:262.41,264.3 1 0
log_analyser/internal/config/config.go:265.2,265.47 1 1
log_analyser/internal/config/config.go:265.47,267.3 1 0
log_analyser/internal/config/config.go:268.2,269.24 2 1
log_analyser/internal/config/config.go:288.35,289.29 1 1
log_analyser/internal/config/config.go:289.29,291.3 1 1
log_analyser/internal/config/config.go:292.2,292.47 1 1
log_analyser/internal/config/config.go:292.47,294.3 1 1
log_analyser/internal/config/config.go:295.2,295.37 1 1
log_analyser/internal/config/config.go:295.37,297.3 1 1
log_analyser/internal/config/config.go:298.2,298.28 1 1
log_analyser/internal/config/config.go:298.28,300.3 1 1
log_analyser/internal/config/config.go:301.2,301.59 1 1
log_analyser/internal/config/config.go:301.59,303.3 1 1
log_analyser/internal/config/config.go:304.2,304.57 1 1
log_analyser/internal/config/config.go:304.57,306.3 1 1
log_analyser/internal/config/config.go:307.2,307.30 1 1
log_analyser/internal/config/config.go:307.30,309.3 1 1
log_analyser/internal/config/config.go:310.2,310.31 1 1
log_analyser/internal/config/config.go:310.31,312.3 1 1
log_analyser/internal/config/config.go:313.2,313.25 1 1
log_analyser/internal/config/config.go:313.25,315.3 1 1
log_analyser/internal/config/config.go:316.2,316.64 1 1
log_analyser/internal/config/config.go:316.64,318.3 1 1
log_analyser/internal/config/config.go:319.2,319.59 1 1
log_analyser/internal/config/config.go:319.59,321.3 1 1
log_analyser/internal/config/config.go:322.2,322.12 1 1
log_analyser/internal/counter/counter.go:30.49,32.2 1 1
log_analyser/internal/counter/counter.go:48.41,55.2 1 1
log_analyser/internal/counter/counter.go:57.44,60.18 2 1
log_analyser/internal/counter/counter.go:60.18,62.3 1 1
log_analyser/internal/counter/counter.go:64.2,64.23 1 1
log_analyser/internal/counter/counter.go:64.23,67.26 2 1
log_analyser/internal/counter/counter.go:67.26,69.4 1 1
log_analyser/internal/counter/counter.go:70.8,70.26 1 1
log_analyser/internal/counter/counter.go:70.26,73.47 2 1
log_analyser/internal/counter/counter.go:73.47,75.4 1 1
log_analyser/internal/counter/counter.go:78.2,78.19 1 1
log_analyser/internal/counter/counter.go:78.19,80.3 1 1
log_analyser/internal/counter/counter.go:83.50,85.17 2 1
log_analyser/internal/counter/counter.go:85.17,87.3 1 1
log_analyser/internal/counter/counter.go:88.2,97.3 1 1
log_analyser/internal/counter/counter.go:100.51,101.25 1 1
log_analyser/internal/counter/counter.go:101.25,103.3 1 1
log_analyser/internal/counter/counter.go:104.2,106.41 3 1
log_analyser/internal/counter/counter.go:106.41,106.73 1 1
log_analyser/internal/counter/counter.go:107.2,108.23 2 1
log_analyser/internal/counter/counter.go:119.97,125.6 4 1
log_analyser/internal/counter/counter.go:125.6,126.10 1 1
log_analyser/internal/counter/counter.go:127.22,128.11 1 1
log_analyser/internal/counter/counter.go:128.11,130.5 1 1
log_analyser/internal/counter/counter.go:130.10,132.5 1 1
log_analyser/internal/counter/counter.go:134.24,136.22 2 1
log_analyser/internal/counter/counter.go:138.21,141.18 1 1
log_analyser/internal/counter/counter.go:141.18,142.12 1 1
log_analyser/internal/counter/counter.go:143.24,144.13 1 1
log_analyser/internal/counter/counter.go:144.13,145.18 1 1
log_analyser/internal/counter/counter.go:147.6,147.16 1 0
log_analyser/internal/counter/counter.go:148.13,149.17 1 0
log_analyser/internal/counter/counter.go:152.4,153.10 2 1
log_analyser/internal/metrics/metrics.go:34.57,34.58 0 1
log_analyser/internal/metrics/metrics.go:35.57,35.58 0 1
log_analyser/internal/metrics/metrics.go:36.57,36.58 0 1
log_analyser/internal/metrics/metrics.go:37.57,37.58 0 1
log_analyser/internal/metrics/metrics.go:38.57,38.58 0 1
log_analyser/internal/metrics/metrics.go:39.57,39.58 0 1
log_analyser/internal/metrics/metrics.go:40.57,40.58 0 1
log_analyser/internal/metrics/metrics.go:62.50,114.2 10 1
log_analyser/internal/metrics/metrics.go:116.58,116.79 1 1
log_analyser/internal/metrics/metrics.go:117.58,117.81 1 1
log_analyser/internal/metrics/metrics.go:118.60,118.85 1 1
log_analyser/internal/metrics/metrics.go:119.58,119.83 1 1
log_analyser/internal/metrics/metrics.go:120.58,120.101 1 1
log_analyser/internal/metrics/metrics.go:121.60,123.2 1 1
log_analyser/internal/metrics/metrics.go:124.70,126.2 1 1
log_analyser/internal/metrics/metrics.go:130.53,132.2 1 1
log_analyser/internal/metrics/metrics.go:145.62,155.2 3 1
log_analyser/internal/metrics/metrics.go:158.41,160.2 1 1
log_analyser/internal/metrics/metrics.go:164.41,166.2 1 1
log_analyser/internal/metrics/metrics.go:169.35,173.2 3 1
log_analyser/internal/tailer/open_windows.go:13.46,15.16 2 1
log_analyser/internal/tailer/open_windows.go:15.16,17.3 1 0
log_analyser/internal/tailer/open_windows.go:18.2,27.16 2 1
log_analyser/internal/tailer/open_windows.go:27.16,29.3 1 0
log_analyser/internal/tailer/open_windows.go:30.2,30.47 1 1
log_analyser/internal/tailer/tailer.go:30.72,36.2 1 1
log_analyser/internal/tailer/tailer.go:40.63,41.18 1 1
log_analyser/internal/tailer/tailer.go:41.18,44.3 2 0
log_analyser/internal/tailer/tailer.go:45.2,45.21 1 1
log_analyser/internal/tailer/tailer.go:52.68,55.21 3 0
log_analyser/internal/tailer/tailer.go:55.21,56.10 1 0
log_analyser/internal/tailer/tailer.go:57.21,58.10 1 0
log_analyser/internal/tailer/tailer.go:59.11,59.11 0 0
log_analyser/internal/tailer/tailer.go:61.3,67.4 2 0
log_analyser/internal/tailer/tailer.go:75.67,77.16 2 1
log_analyser/internal/tailer/tailer.go:77.16,79.3 1 0
log_analyser/internal/tailer/tailer.go:80.2,84.14 3 1
log_analyser/internal/tailer/tailer.go:84.14,86.17 2 1
log_analyser/internal/tailer/tailer.go:86.17,88.4 1 0
log_analyser/internal/tailer/tailer.go:91.2,92.16 2 1
log_analyser/internal/tailer/tailer.go:92.16,94.3 1 0
log_analyser/internal/tailer/tailer.go:96.2,98.6 2 1
log_analyser/internal/tailer/tailer.go:98.6,99.10 1 1
log_analyser/internal/tailer/tailer.go:100.21,101.10 1 1
log_analyser/internal/tailer/tailer.go:102.11,102.11 0 1
log_analyser/internal/tailer/tailer.go:106.3,106.46 1 1
log_analyser/internal/tailer/tailer.go:106.46,108.4 1 0
log_analyser/internal/tailer/tailer.go:109.3,110.22 2 1
log_analyser/internal/tailer/tailer.go:110.22,122.4 3 1
log_analyser/internal/tailer/tailer.go:124.3,124.16 1 1
log_analyser/internal/tailer/tailer.go:124.16,126.4 1 1
log_analyser/internal/tailer/tailer.go:129.3,130.17 2 1
log_analyser/internal/tailer/tailer.go:130.17,132.21 1 0
log_analyser/internal/tailer/tailer.go:132.21,134.5 1 0
log_analyser/internal/tailer/tailer.go:135.4,135.12 1 0
log_analyser/internal/tailer/tailer.go:139.3,139.34 1 1
log_analyser/internal/tailer/tailer.go:139.34,142.18 3 1
log_analyser/internal/tailer/tailer.go:142.18,143.22 1 0
log_analyser/internal/tailer/tailer.go:143.22,145.6 1 0
log_analyser/internal/tailer/tailer.go:146.5,146.13 1 0
log_analyser/internal/tailer/tailer.go:148.4,151.12 4 1
log_analyser/internal/tailer/tailer.go:156.3,158.16 2 1
log_analyser/internal/tailer/tailer.go:158.16,162.12 4 1
log_analyser/internal/tailer/tailer.go:165.3,165.20 1 1
log_analyser/internal/tailer/tailer.go:165.20,167.4 1 1
log_analyser/internal/tailer/tailer.go:173.50,174.9 1 1
log_analyser/internal/tailer/tailer.go:175.20,176.15 1 1
log_analyser/internal/tailer/tailer.go:177.36,178.14 1 1
log_analyser/internal/tailer/tailer.go:188.74,193.2 4 1
log_analyser/internal/tailer/tailer.go:198.81,199.29 1 1
log_analyser/internal/tailer/tailer.go:199.29,201.3 1 1
log_analyser/internal/tailer/tailer.go:202.2,202.46 1 1
log_analyser/internal/tailer/tailer.go:202.46,204.3 1 1
log_analyser/internal/tailer/tailer.go:205.2,205.11 1 1
log_analyser/internal/tailer/tailer.go:205.11,207.3 1 1
log_analyser/internal/tailer/tailer.go:208.2,208.20 1 1
log_analyser/internal/tailer/tailer.go:212.31,213.39 1 1
log_analyser/internal/tailer/tailer.go:213.39,215.3 1 1
log_analyser/internal/tailer/tailer.go:216.2,216.10 1 1
log_analyser/internal/alerter/console.go:20.65,22.2 1 1
log_analyser/internal/alerter/console.go:26.57,28.33 2 0
log_analyser/internal/alerter/console.go:28.33,29.32 1 0
log_analyser/internal/alerter/console.go:29.32,30.39 1 0
log_analyser/internal/alerter/console.go:30.39,32.5 1 0
log_analyser/internal/alerter/console.go:35.2,35.44 1 0
log_analyser/internal/alerter/console.go:38.40,38.60 1 1
log_analyser/internal/alerter/console.go:41.76,43.45 2 1
log_analyser/internal/alerter/console.go:43.45,45.3 1 1
log_analyser/internal/alerter/console.go:47.2,49.14 2 1
log_analyser/internal/alerter/console.go:49.14,52.3 2 1
log_analyser/internal/alerter/console.go:55.2,56.45 2 1
log_analyser/internal/alerter/console.go:56.45,58.3 1 1
log_analyser/internal/alerter/console.go:59.2,60.12 2 1
log_analyser/internal/alerter/file.go:23.56,25.16 2 1
log_analyser/internal/alerter/file.go:25.16,27.3 1 1
log_analyser/internal/alerter/file.go:28.2,30.42 3 1
log_analyser/internal/alerter/file.go:33.38,33.55 1 1
log_analyser/internal/alerter/file.go:37.74,41.2 3 1
log_analyser/internal/alerter/file.go:44.38,48.2 3 1
log_analyser/internal/alerter/multi.go:19.57,21.2 1 1
log_analyser/internal/alerter/multi.go:23.38,23.56 1 1
log_analyser/internal/alerter/multi.go:28.76,29.26 1 1
log_analyser/internal/alerter/multi.go:29.26,31.3 1 1
log_analyser/internal/alerter/multi.go:33.2,37.32 4 1
log_analyser/internal/alerter/multi.go:37.32,39.13 2 1
log_analyser/internal/alerter/multi.go:39.13,42.4 2 1
log_analyser/internal/alerter/multi.go:44.2,46.29 2 1
log_analyser/internal/alerter/webhook.go:26.60,27.33 1 1
log_analyser/internal/alerter/webhook.go:27.33,29.3 1 1
log_analyser/internal/alerter/webhook.go:45.129,46.15 1 1
log_analyser/internal/alerter/webhook.go:46.15,48.3 1 1
log_analyser/internal/alerter/webhook.go:49.2,49.19 1 1
log_analyser/internal/alerter/webhook.go:49.19,51.3 1 1
log_analyser/internal/alerter/webhook.go:52.2,59.27 2 1
log_analyser/internal/alerter/webhook.go:59.27,61.3 1 1
log_analyser/internal/alerter/webhook.go:62.2,62.16 1 1
log_analyser/internal/alerter/webhook.go:65.40,65.60 1 1
log_analyser/internal/alerter/webhook.go:69.78,78.16 4 1
log_analyser/internal/alerter/webhook.go:78.16,80.3 1 0
log_analyser/internal/alerter/webhook.go:82.2,83.54 2 1
log_analyser/internal/alerter/webhook.go:83.54,85.18 1 1
log_analyser/internal/alerter/webhook.go:85.18,87.33 2 1
log_analyser/internal/alerter/webhook.go:87.33,89.5 1 0
log_analyser/internal/alerter/webhook.go:90.4,91.17 2 1
log_analyser/internal/alerter/webhook.go:91.17,92.12 1 1
log_analyser/internal/alerter/webhook.go:93.30,93.30 0 0
log_analyser/internal/alerter/webhook.go:94.23,95.22 1 1
log_analyser/internal/alerter/webhook.go:97.10,99.12 1 1
log_analyser/internal/alerter/webhook.go:100.23,101.22 1 0
log_analyser/internal/alerter/webhook.go:102.13,102.13 0 1
log_analyser/internal/alerter/webhook.go:107.3,108.21 2 1
log_analyser/internal/alerter/webhook.go:108.21,110.4 1 1
log_analyser/internal/alerter/webhook.go:113.3,113.91 1 1
log_analyser/internal/alerter/webhook.go:113.91,115.4 1 0
log_analyser/internal/alerter/webhook.go:118.3,119.86 2 1
log_analyser/internal/alerter/webhook.go:119.86,121.4 1 1
log_analyser/internal/alerter/webhook.go:123.2,123.16 1 1
log_analyser/internal/alerter/webhook.go:127.85,129.16 2 1
log_analyser/internal/alerter/webhook.go:129.16,131.3 1 0
log_analyser/internal/alerter/webhook.go:132.2,135.20 3 1
log_analyser/internal/alerter/webhook.go:135.20,139.3 3 1
log_analyser/internal/alerter/webhook.go:141.2,142.16 2 1
log_analyser/internal/alerter/webhook.go:142.16,144.3 1 0
log_analyser/internal/alerter/webhook.go:145.2,147.28 2 1
log_analyser/internal/alerter/webhook.go:147.28,149.3 1 1
log_analyser/internal/alerter/webhook.go:150.2,150.12 1 1
log_analyser/internal/alerter/webhook.go:156.42,156.100 1 0
log_analyser/internal/pipeline/pipeline.go:35.81,36.16 1 1
log_analyser/internal/pipeline/pipeline.go:36.16,38.3 1 1
log_analyser/internal/pipeline/pipeline.go:39.2,39.56 1 1
log_analyser/internal/pipeline/pipeline.go:57.51,59.25 1 1
log_analyser/internal/pipeline/pipeline.go:59.25,61.17 2 1
log_analyser/internal/pipeline/pipeline.go:61.17,63.4 1 1
log_analyser/internal/pipeline/pipeline.go:64.3,64.12 1 1
log_analyser/internal/pipeline/pipeline.go:67.2,94.17 10 1
log_analyser/internal/pipeline/pipeline.go:94.17,96.3 1 1
log_analyser/internal/pipeline/pipeline.go:98.2,116.12 9 1
log_analyser/internal/pipeline/pipeline.go:116.12,120.3 3 1
log_analyser/internal/pipeline/pipeline.go:125.2,126.12 2 1
log_analyser/internal/pipeline/pipeline.go:126.12,129.28 3 1
log_analyser/internal/pipeline/pipeline.go:129.28,132.4 2 1
log_analyser/internal/pipeline/pipeline.go:141.2,142.12 2 1
log_analyser/internal/pipeline/pipeline.go:142.12,147.3 4 1
log_analyser/internal/pipeline/pipeline.go:152.2,153.12 2 1
log_analyser/internal/pipeline/pipeline.go:153.12,156.28 3 1
log_analyser/internal/pipeline/pipeline.go:156.28,159.4 2 1
log_analyser/internal/pipeline/pipeline.go:166.2,167.12 2 1
log_analyser/internal/pipeline/pipeline.go:167.12,172.3 4 1
log_analyser/internal/pipeline/pipeline.go:179.2,180.12 2 1
log_analyser/internal/pipeline/pipeline.go:180.12,183.29 3 1
log_analyser/internal/pipeline/pipeline.go:183.29,186.21 3 1
log_analyser/internal/pipeline/pipeline.go:186.21,188.5 1 1
log_analyser/internal/pipeline/pipeline.go:189.4,189.14 1 1
log_analyser/internal/pipeline/pipeline.go:199.2,200.12 2 1
log_analyser/internal/pipeline/pipeline.go:200.12,204.3 3 1
log_analyser/internal/pipeline/pipeline.go:216.2,218.12 3 1
log_analyser/internal/pipeline/pipeline.go:218.12,221.24 3 1
log_analyser/internal/pipeline/pipeline.go:221.24,223.49 2 1
log_analyser/internal/pipeline/pipeline.go:223.49,228.5 1 0
log_analyser/internal/pipeline/pipeline.go:228.10,230.5 1 1
log_analyser/internal/pipeline/pipeline.go:239.2,240.12 2 1
log_analyser/internal/pipeline/pipeline.go:240.12,244.7 4 1
log_analyser/internal/pipeline/pipeline.go:244.7,245.11 1 1
log_analyser/internal/pipeline/pipeline.go:246.22,247.11 1 1
log_analyser/internal/pipeline/pipeline.go:248.23,249.11 1 1
log_analyser/internal/pipeline/pipeline.go:250.20,254.47 4 1
log_analyser/internal/pipeline/pipeline.go:260.2,263.40 2 1
log_analyser/internal/pipeline/pipeline.go:263.40,264.35 1 1
log_analyser/internal/pipeline/pipeline.go:264.35,266.4 1 0
log_analyser/internal/pipeline/pipeline.go:269.2,269.12 1 1
